<?xml version="1.0" encoding="UTF-8"?>
<!-- Generated by org.testng.reporters.JUnitXMLReporter -->
<testsuite ignored="0" hostname="MacBookAir" failures="1" tests="1" name="Softassert" time="5.73" errors="0" timestamp="2025-02-08T17:55:58 IST">
  <testcase classname="assertions.LearnSoftAssert" name="login" time="5.714">
    <failure type="java.lang.AssertionError" message="The following asserts failed:
	expected [Demo Web Shop. Log] but found [Demo Web Shop. Login]">
      <![CDATA[java.lang.AssertionError: The following asserts failed:
expected [Demo Web Shop. Log] but found [Demo Web Shop. Login]
at assertions.LearnSoftAssert.login(LearnSoftAssert.java:30)
at java.base/java.util.ArrayList.forEach(ArrayList.java:1596)
... Removed 27 stack frames]]>
    </failure>
  </testcase> <!-- login -->
</testsuite> <!-- Softassert -->
